<?xml version="1.0" encoding="UTF-8"?>
<!-- Generated by org.testng.reporters.JUnitReportReporter -->
<testsuite skipped="0" hostname="Acer-PC" name="TC_LoginTest_001" tests="1" failures="0" timestamp="18 Dec 2020 16:43:09 GMT" time="6.146" errors="0">
  <testcase name="loginTest" time="6.146" classname="TC_LoginTest_001"/>
</testsuite> <!-- TC_LoginTest_001 -->
